c:\users\kozha\source\repos\classlibrary2\classlibrary2\debug\classlibrary2.pch
c:\users\kozha\source\repos\classlibrary2\classlibrary2\debug\vc142.pdb
c:\users\kozha\source\repos\classlibrary2\classlibrary2\debug\pch.obj
c:\users\kozha\source\repos\classlibrary2\classlibrary2\debug\classlibrary2.obj
c:\users\kozha\source\repos\classlibrary2\classlibrary2\debug\assemblyinfo.obj
c:\users\kozha\source\repos\classlibrary2\classlibrary2\debug\.netframework,version=v4.7.2.assemblyattributes.obj
c:\users\kozha\source\repos\classlibrary2\debug\classlibrary2.dll
c:\users\kozha\source\repos\classlibrary2\debug\classlibrary2.pdb
c:\users\kozha\source\repos\classlibrary2\classlibrary2\debug\app.res
c:\users\kozha\source\repos\classlibrary2\classlibrary2\debug\classlibrary2.vcxprojassemblyreference.cache
c:\users\kozha\source\repos\classlibrary2\classlibrary2\debug\classlibrary2.tlog\cl.command.1.tlog
c:\users\kozha\source\repos\classlibrary2\classlibrary2\debug\classlibrary2.tlog\cl.read.1.tlog
c:\users\kozha\source\repos\classlibrary2\classlibrary2\debug\classlibrary2.tlog\cl.write.1.tlog
c:\users\kozha\source\repos\classlibrary2\classlibrary2\debug\classlibrary2.tlog\link.command.1.tlog
c:\users\kozha\source\repos\classlibrary2\classlibrary2\debug\classlibrary2.tlog\link.read.1.tlog
c:\users\kozha\source\repos\classlibrary2\classlibrary2\debug\classlibrary2.tlog\link.write.1.tlog
c:\users\kozha\source\repos\classlibrary2\classlibrary2\debug\classlibrary2.tlog\metagen.read.1.tlog
c:\users\kozha\source\repos\classlibrary2\classlibrary2\debug\classlibrary2.tlog\metagen.write.1.tlog
c:\users\kozha\source\repos\classlibrary2\classlibrary2\debug\classlibrary2.tlog\rc.command.1.tlog
c:\users\kozha\source\repos\classlibrary2\classlibrary2\debug\classlibrary2.tlog\rc.read.1.tlog
c:\users\kozha\source\repos\classlibrary2\classlibrary2\debug\classlibrary2.tlog\rc.write.1.tlog
